<?xml version="1.0" encoding="UTF-8"?>
<!-- Generated by org.testng.reporters.JUnitXMLReporter -->
<testsuite ignored="0" hostname="DESKTOP-835RPRK" failures="1" tests="2" name="Test" time="14.986" errors="0" timestamp="2024-11-26T01:14:40 IST">
  <testcase classname="orangeHrmTestcases.OrangeHrmLoginTestcase" name="authentication" time="11.027">
    <failure type="java.lang.AssertionError" message="Upgrade button is not visible when it should be for status FALSE.">
      <![CDATA[java.lang.AssertionError: Upgrade button is not visible when it should be for status FALSE.
at orangeHrmModules.OrangeHrmLoginModule.buttonLogin(OrangeHrmLoginModule.java:73)
at orangeHrmTestcases.OrangeHrmLoginTestcase.authentication(OrangeHrmLoginTestcase.java:57)
at java.base/java.util.ArrayList.forEach(ArrayList.java:1596)
... Removed 26 stack frames]]>
    </failure>
  </testcase> <!-- authentication -->
  <testcase classname="orangeHrmTestcases.OrangeHrmLoginTestcase" name="authentication" time="1.664"/>
</testsuite> <!-- Test -->
